{"C:\\Developer\\TakeStock\\server\\adaptors\\Invites.js": {"path":"C:\\Developer\\TakeStock\\server\\adaptors\\Invites.js","statementMap":{"0":{"start":{"line":1,"column":15},"end":{"line":1,"column":42}},"1":{"start":{"line":2,"column":19},"end":{"line":2,"column":49}},"2":{"start":{"line":5,"column":2},"end":{"line":5,"column":29}},"3":{"start":{"line":9,"column":21},"end":{"line":9,"column":38}},"4":{"start":{"line":10,"column":2},"end":{"line":10,"column":37}},"5":{"start":{"line":11,"column":2},"end":{"line":11,"column":49}},"6":{"start":{"line":15,"column":2},"end":{"line":15,"column":68}},"7":{"start":{"line":18,"column":0},"end":{"line":18,"column":62}}},"fnMap":{"0":{"name":"create_invite","decl":{"start":{"line":4,"column":15},"end":{"line":4,"column":28}},"loc":{"start":{"line":4,"column":37},"end":{"line":6,"column":1}},"line":4},"1":{"name":"accept_invite","decl":{"start":{"line":8,"column":15},"end":{"line":8,"column":28}},"loc":{"start":{"line":8,"column":46},"end":{"line":12,"column":1}},"line":8},"2":{"name":"reject_invite","decl":{"start":{"line":14,"column":15},"end":{"line":14,"column":28}},"loc":{"start":{"line":14,"column":47},"end":{"line":16,"column":1}},"line":14}},"branchMap":{},"s":{"0":1,"1":1,"2":1,"3":1,"4":1,"5":1,"6":1,"7":1},"f":{"0":1,"1":1,"2":1},"b":{},"_coverageSchema":"1a1c01bbd47fc00a2c39e90264f33305004495a9","hash":"7902b415284efee8501cd960fa3a273ed4a328b7"}
,"C:\\Developer\\TakeStock\\server\\adaptors\\Products.js": {"path":"C:\\Developer\\TakeStock\\server\\adaptors\\Products.js","statementMap":{"0":{"start":{"line":1,"column":16},"end":{"line":1,"column":44}},"1":{"start":{"line":2,"column":15},"end":{"line":2,"column":35}},"2":{"start":{"line":5,"column":2},"end":{"line":5,"column":31}},"3":{"start":{"line":9,"column":2},"end":{"line":9,"column":37}},"4":{"start":{"line":13,"column":18},"end":{"line":13,"column":52}},"5":{"start":{"line":14,"column":2},"end":{"line":14,"column":16}},"6":{"start":{"line":18,"column":19},"end":{"line":18,"column":100}},"7":{"start":{"line":19,"column":2},"end":{"line":19,"column":17}},"8":{"start":{"line":23,"column":2},"end":{"line":29,"column":30}},"9":{"start":{"line":33,"column":19},"end":{"line":33,"column":93}},"10":{"start":{"line":34,"column":14},"end":{"line":34,"column":15}},"11":{"start":{"line":35,"column":2},"end":{"line":37,"column":3}},"12":{"start":{"line":35,"column":14},"end":{"line":35,"column":15}},"13":{"start":{"line":36,"column":4},"end":{"line":36,"column":30}},"14":{"start":{"line":38,"column":15},"end":{"line":38,"column":16}},"15":{"start":{"line":39,"column":2},"end":{"line":41,"column":3}},"16":{"start":{"line":40,"column":4},"end":{"line":40,"column":34}},"17":{"start":{"line":43,"column":2},"end":{"line":43,"column":15}},"18":{"start":{"line":47,"column":19},"end":{"line":47,"column":96}},"19":{"start":{"line":49,"column":19},"end":{"line":49,"column":52}},"20":{"start":{"line":49,"column":39},"end":{"line":49,"column":51}},"21":{"start":{"line":50,"column":2},"end":{"line":50,"column":39}},"22":{"start":{"line":51,"column":2},"end":{"line":59,"column":3}},"23":{"start":{"line":51,"column":14},"end":{"line":51,"column":15}},"24":{"start":{"line":52,"column":26},"end":{"line":52,"column":27}},"25":{"start":{"line":53,"column":4},"end":{"line":57,"column":5}},"26":{"start":{"line":53,"column":16},"end":{"line":53,"column":17}},"27":{"start":{"line":54,"column":6},"end":{"line":56,"column":7}},"28":{"start":{"line":55,"column":8},"end":{"line":55,"column":28}},"29":{"start":{"line":58,"column":4},"end":{"line":58,"column":74}},"30":{"start":{"line":61,"column":2},"end":{"line":61,"column":19}},"31":{"start":{"line":65,"column":19},"end":{"line":65,"column":111}},"32":{"start":{"line":67,"column":14},"end":{"line":67,"column":15}},"33":{"start":{"line":68,"column":22},"end":{"line":68,"column":24}},"34":{"start":{"line":69,"column":2},"end":{"line":76,"column":3}},"35":{"start":{"line":70,"column":4},"end":{"line":75,"column":5}},"36":{"start":{"line":70,"column":16},"end":{"line":70,"column":17}},"37":{"start":{"line":71,"column":6},"end":{"line":74,"column":7}},"38":{"start":{"line":72,"column":8},"end":{"line":72,"column":40}},"39":{"start":{"line":73,"column":8},"end":{"line":73,"column":54}},"40":{"start":{"line":77,"column":2},"end":{"line":77,"column":22}},"41":{"start":{"line":81,"column":0},"end":{"line":81,"column":159}}},"fnMap":{"0":{"name":"create_product","decl":{"start":{"line":4,"column":15},"end":{"line":4,"column":29}},"loc":{"start":{"line":4,"column":39},"end":{"line":6,"column":1}},"line":4},"1":{"name":"delete_product","decl":{"start":{"line":8,"column":15},"end":{"line":8,"column":29}},"loc":{"start":{"line":8,"column":34},"end":{"line":10,"column":1}},"line":8},"2":{"name":"get_product","decl":{"start":{"line":12,"column":15},"end":{"line":12,"column":26}},"loc":{"start":{"line":12,"column":38},"end":{"line":15,"column":1}},"line":12},"3":{"name":"find_by_category","decl":{"start":{"line":17,"column":15},"end":{"line":17,"column":31}},"loc":{"start":{"line":17,"column":51},"end":{"line":20,"column":1}},"line":17},"4":{"name":"update_product","decl":{"start":{"line":22,"column":15},"end":{"line":22,"column":29}},"loc":{"start":{"line":22,"column":38},"end":{"line":30,"column":1}},"line":22},"5":{"name":"products_mean_price","decl":{"start":{"line":32,"column":15},"end":{"line":32,"column":34}},"loc":{"start":{"line":32,"column":43},"end":{"line":44,"column":1}},"line":32},"6":{"name":"products_category","decl":{"start":{"line":46,"column":15},"end":{"line":46,"column":32}},"loc":{"start":{"line":46,"column":41},"end":{"line":62,"column":1}},"line":46},"7":{"name":"(anonymous_7)","decl":{"start":{"line":49,"column":32},"end":{"line":49,"column":33}},"loc":{"start":{"line":49,"column":39},"end":{"line":49,"column":51}},"line":49},"8":{"name":"product_most_valuable","decl":{"start":{"line":64,"column":15},"end":{"line":64,"column":36}},"loc":{"start":{"line":64,"column":45},"end":{"line":78,"column":1}},"line":64}},"branchMap":{"0":{"loc":{"start":{"line":39,"column":2},"end":{"line":41,"column":3}},"type":"if","locations":[{"start":{"line":39,"column":2},"end":{"line":41,"column":3}},{"start":{},"end":{}}],"line":39},"1":{"loc":{"start":{"line":54,"column":6},"end":{"line":56,"column":7}},"type":"if","locations":[{"start":{"line":54,"column":6},"end":{"line":56,"column":7}},{"start":{},"end":{}}],"line":54},"2":{"loc":{"start":{"line":69,"column":2},"end":{"line":76,"column":3}},"type":"if","locations":[{"start":{"line":69,"column":2},"end":{"line":76,"column":3}},{"start":{},"end":{}}],"line":69},"3":{"loc":{"start":{"line":71,"column":6},"end":{"line":74,"column":7}},"type":"if","locations":[{"start":{"line":71,"column":6},"end":{"line":74,"column":7}},{"start":{},"end":{}}],"line":71}},"s":{"0":1,"1":1,"2":1,"3":1,"4":1,"5":1,"6":1,"7":0,"8":0,"9":0,"10":0,"11":0,"12":0,"13":0,"14":0,"15":0,"16":0,"17":0,"18":0,"19":0,"20":0,"21":0,"22":0,"23":0,"24":0,"25":0,"26":0,"27":0,"28":0,"29":0,"30":0,"31":0,"32":0,"33":0,"34":0,"35":0,"36":0,"37":0,"38":0,"39":0,"40":0,"41":1},"f":{"0":1,"1":1,"2":1,"3":1,"4":0,"5":0,"6":0,"7":0,"8":0},"b":{"0":[0,0],"1":[0,0],"2":[0,0],"3":[0,0]},"_coverageSchema":"1a1c01bbd47fc00a2c39e90264f33305004495a9","hash":"f6a3a7da6f02dba07b71d769b3ac0a99833f4830"}
,"C:\\Developer\\TakeStock\\server\\adaptors\\Users.js": {"path":"C:\\Developer\\TakeStock\\server\\adaptors\\Users.js","statementMap":{"0":{"start":{"line":1,"column":13},"end":{"line":1,"column":38}},"1":{"start":{"line":2,"column":12},"end":{"line":2,"column":35}},"2":{"start":{"line":4,"column":27},"end":{"line":4,"column":93}},"3":{"start":{"line":7,"column":2},"end":{"line":7,"column":25}},"4":{"start":{"line":11,"column":15},"end":{"line":11,"column":86}},"5":{"start":{"line":12,"column":2},"end":{"line":12,"column":13}},"6":{"start":{"line":16,"column":17},"end":{"line":20,"column":4}},"7":{"start":{"line":21,"column":2},"end":{"line":21,"column":15}},"8":{"start":{"line":25,"column":15},"end":{"line":27,"column":4}},"9":{"start":{"line":28,"column":2},"end":{"line":28,"column":13}},"10":{"start":{"line":32,"column":16},"end":{"line":32,"column":80}},"11":{"start":{"line":33,"column":2},"end":{"line":33,"column":14}},"12":{"start":{"line":37,"column":15},"end":{"line":37,"column":52}},"13":{"start":{"line":38,"column":2},"end":{"line":38,"column":13}},"14":{"start":{"line":41,"column":0},"end":{"line":41,"column":93}}},"fnMap":{"0":{"name":"create_user","decl":{"start":{"line":6,"column":15},"end":{"line":6,"column":26}},"loc":{"start":{"line":6,"column":32},"end":{"line":8,"column":1}},"line":6},"1":{"name":"get_perfil","decl":{"start":{"line":10,"column":15},"end":{"line":10,"column":25}},"loc":{"start":{"line":10,"column":34},"end":{"line":13,"column":1}},"line":10},"2":{"name":"getIdByEmail","decl":{"start":{"line":15,"column":15},"end":{"line":15,"column":27}},"loc":{"start":{"line":15,"column":35},"end":{"line":22,"column":1}},"line":15},"3":{"name":"findByEmail","decl":{"start":{"line":24,"column":15},"end":{"line":24,"column":26}},"loc":{"start":{"line":24,"column":34},"end":{"line":29,"column":1}},"line":24},"4":{"name":"signToken","decl":{"start":{"line":31,"column":9},"end":{"line":31,"column":18}},"loc":{"start":{"line":31,"column":40},"end":{"line":34,"column":1}},"line":31},"5":{"name":"verifyToken","decl":{"start":{"line":36,"column":9},"end":{"line":36,"column":20}},"loc":{"start":{"line":36,"column":28},"end":{"line":39,"column":1}},"line":36}},"branchMap":{},"s":{"0":1,"1":1,"2":1,"3":1,"4":1,"5":1,"6":1,"7":1,"8":1,"9":1,"10":1,"11":1,"12":1,"13":1,"14":1},"f":{"0":1,"1":1,"2":1,"3":1,"4":1,"5":1},"b":{},"_coverageSchema":"1a1c01bbd47fc00a2c39e90264f33305004495a9","hash":"e36f3cdc4402d57566a0170e648e95bcafe9a2ea"}
}
