TN:
SF:adaptors\Invites.js
FN:4,create_invite
FN:8,accept_invite
FN:14,reject_invite
FNF:3
FNH:3
FNDA:1,create_invite
FNDA:1,accept_invite
FNDA:1,reject_invite
DA:1,1
DA:2,1
DA:5,1
DA:9,1
DA:10,1
DA:11,1
DA:15,1
DA:18,1
LF:8
LH:8
BRF:0
BRH:0
end_of_record
TN:
SF:adaptors\Products.js
FN:4,create_product
FN:8,delete_product
FN:12,get_product
FN:17,find_by_category
FN:22,update_product
FN:32,products_mean_price
FN:46,products_category
FN:49,(anonymous_7)
FN:64,product_most_valuable
FNF:9
FNH:4
FNDA:1,create_product
FNDA:1,delete_product
FNDA:1,get_product
FNDA:1,find_by_category
FNDA:0,update_product
FNDA:0,products_mean_price
FNDA:0,products_category
FNDA:0,(anonymous_7)
FNDA:0,product_most_valuable
DA:1,1
DA:2,1
DA:5,1
DA:9,1
DA:13,1
DA:14,1
DA:18,1
DA:19,0
DA:23,0
DA:33,0
DA:34,0
DA:35,0
DA:36,0
DA:38,0
DA:39,0
DA:40,0
DA:43,0
DA:47,0
DA:49,0
DA:50,0
DA:51,0
DA:52,0
DA:53,0
DA:54,0
DA:55,0
DA:58,0
DA:61,0
DA:65,0
DA:67,0
DA:68,0
DA:69,0
DA:70,0
DA:71,0
DA:72,0
DA:73,0
DA:77,0
DA:81,1
LF:37
LH:8
BRDA:39,0,0,0
BRDA:39,0,1,0
BRDA:54,1,0,0
BRDA:54,1,1,0
BRDA:69,2,0,0
BRDA:69,2,1,0
BRDA:71,3,0,0
BRDA:71,3,1,0
BRF:8
BRH:0
end_of_record
TN:
SF:adaptors\Users.js
FN:6,create_user
FN:10,get_perfil
FN:15,getIdByEmail
FN:24,findByEmail
FN:31,signToken
FN:36,verifyToken
FNF:6
FNH:6
FNDA:1,create_user
FNDA:1,get_perfil
FNDA:1,getIdByEmail
FNDA:1,findByEmail
FNDA:1,signToken
FNDA:1,verifyToken
DA:1,1
DA:2,1
DA:4,1
DA:7,1
DA:11,1
DA:12,1
DA:16,1
DA:21,1
DA:25,1
DA:28,1
DA:32,1
DA:33,1
DA:37,1
DA:38,1
DA:41,1
LF:15
LH:15
BRF:0
BRH:0
end_of_record
